# JRE version: Java(TM) SE Runtime Environment (8.0-b124) (build 1.8.0-ea-b124)
# Java VM: Java HotSpot(TM) 64-Bit Server VM (25.0-b66 mixed mode linux-amd64 compressed oops)
Heap:
 PSYoungGen      total 33280K, used 16746K [0x00000000d6a00000, 0x00000000d8e00000, 0x0000000100000000)
  eden space 29696K, 54% used [0x00000000d6a00000,0x00000000d79e29e0,0x00000000d8700000)
  from space 3584K, 13% used [0x00000000d8a80000,0x00000000d8af8000,0x00000000d8e00000)
  to   space 3584K, 0% used [0x00000000d8700000,0x00000000d8700000,0x00000000d8a80000)
 ParOldGen       total 127488K, used 82087K [0x0000000083e00000, 0x000000008ba80000, 0x00000000d6a00000)
  object space 127488K, 64% used [0x0000000083e00000,0x0000000088e29de8,0x000000008ba80000)
 Metaspace       used 20141K, capacity 20230K, committed 20352K, reserved 1067008K
  class space    used 3114K, capacity 3161K, committed 3200K, reserved 1048576K
GC Heap History (10 events):
Event: 0.933 GC heap before
{Heap before GC invocations=10 (full 0):
 PSYoungGen      total 9728K, used 9712K [0x00000000d6a00000, 0x00000000d7b00000, 0x0000000100000000)
  eden space 7680K, 100% used [0x00000000d6a00000,0x00000000d7180000,0x00000000d7180000)
  from space 2048K, 99% used [0x00000000d7180000,0x00000000d737c020,0x00000000d7380000)
  to   space 2560K, 0% used [0x00000000d7880000,0x00000000d7880000,0x00000000d7b00000)
 ParOldGen       total 127488K, used 1757K [0x0000000083e00000, 0x000000008ba80000, 0x00000000d6a00000)
  object space 127488K, 1% used [0x0000000083e00000,0x0000000083fb7458,0x000000008ba80000)
 Metaspace       used 14345K, capacity 14496K, committed 14592K, reserved 1060864K
  class space    used 2246K, capacity 2296K, committed 2304K, reserved 1048576K
Event: 0.938 GC heap after
Heap after GC invocations=10 (full 0):
 PSYoungGen      total 13824K, used 2560K [0x00000000d6a00000, 0x00000000d7d00000, 0x0000000100000000)
  eden space 11264K, 0% used [0x00000000d6a00000,0x00000000d6a00000,0x00000000d7500000)
  from space 2560K, 100% used [0x00000000d7880000,0x00000000d7b00000,0x00000000d7b00000)
  to   space 3584K, 0% used [0x00000000d7500000,0x00000000d7500000,0x00000000d7880000)
 ParOldGen       total 127488K, used 3013K [0x0000000083e00000, 0x000000008ba80000, 0x00000000d6a00000)
  object space 127488K, 2% used [0x0000000083e00000,0x00000000840f1478,0x000000008ba80000)
 Metaspace       used 14345K, capacity 14496K, committed 14592K, reserved 1060864K
  class space    used 2246K, capacity 2296K, committed 2304K, reserved 1048576K
}
Event: 5.123 GC heap before
{Heap before GC invocations=11 (full 0):
 PSYoungGen      total 13824K, used 13824K [0x00000000d6a00000, 0x00000000d7d00000, 0x0000000100000000)
  eden space 11264K, 100% used [0x00000000d6a00000,0x00000000d7500000,0x00000000d7500000)
  from space 2560K, 100% used [0x00000000d7880000,0x00000000d7b00000,0x00000000d7b00000)
  to   space 3584K, 0% used [0x00000000d7500000,0x00000000d7500000,0x00000000d7880000)
 ParOldGen       total 127488K, used 26591K [0x0000000083e00000, 0x000000008ba80000, 0x00000000d6a00000)
  object space 127488K, 20% used [0x0000000083e00000,0x00000000857f7da8,0x000000008ba80000)
 Metaspace       used 16394K, capacity 16518K, committed 16640K, reserved 1062912K
  class space    used 2480K, capacity 2521K, committed 2560K, reserved 1048576K
Event: 5.136 GC heap after
Heap after GC invocations=11 (full 0):
 PSYoungGen      total 14848K, used 1884K [0x00000000d6a00000, 0x00000000d8300000, 0x0000000100000000)
  eden space 11264K, 0% used [0x00000000d6a00000,0x00000000d6a00000,0x00000000d7500000)
  from space 3584K, 52% used [0x00000000d7500000,0x00000000d76d7248,0x00000000d7880000)
  to   space 3584K, 0% used [0x00000000d7f80000,0x00000000d7f80000,0x00000000d8300000)
 ParOldGen       total 127488K, used 30988K [0x0000000083e00000, 0x000000008ba80000, 0x00000000d6a00000)
  object space 127488K, 24% used [0x0000000083e00000,0x0000000085c431d8,0x000000008ba80000)
 Metaspace       used 16394K, capacity 16518K, committed 16640K, reserved 1062912K
  class space    used 2480K, capacity 2521K, committed 2560K, reserved 1048576K
}
Event: 8.521 GC heap before
{Heap before GC invocations=12 (full 0):
 PSYoungGen      total 14848K, used 13148K [0x00000000d6a00000, 0x00000000d8300000, 0x0000000100000000)
  eden space 11264K, 100% used [0x00000000d6a00000,0x00000000d7500000,0x00000000d7500000)
  from space 3584K, 52% used [0x00000000d7500000,0x00000000d76d7248,0x00000000d7880000)
  to   space 3584K, 0% used [0x00000000d7f80000,0x00000000d7f80000,0x00000000d8300000)
 ParOldGen       total 127488K, used 30988K [0x0000000083e00000, 0x000000008ba80000, 0x00000000d6a00000)
  object space 127488K, 24% used [0x0000000083e00000,0x0000000085c431d8,0x000000008ba80000)
 Metaspace       used 18848K, capacity 19014K, committed 19200K, reserved 1064960K
  class space    used 2930K, capacity 2969K, committed 3072K, reserved 1048576K
Event: 8.526 GC heap after
Heap after GC invocations=12 (full 0):
 PSYoungGen      total 22016K, used 2276K [0x00000000d6a00000, 0x00000000d8300000, 0x0000000100000000)
  eden space 18432K, 0% used [0x00000000d6a00000,0x00000000d6a00000,0x00000000d7c00000)
  from space 3584K, 63% used [0x00000000d7f80000,0x00000000d81b9020,0x00000000d8300000)
  to   space 3584K, 0% used [0x00000000d7c00000,0x00000000d7c00000,0x00000000d7f80000)
 ParOldGen       total 127488K, used 32718K [0x0000000083e00000, 0x000000008ba80000, 0x00000000d6a00000)
  object space 127488K, 25% used [0x0000000083e00000,0x0000000085df3890,0x000000008ba80000)
 Metaspace       used 18848K, capacity 19014K, committed 19200K, reserved 1064960K
  class space    used 2930K, capacity 2969K, committed 3072K, reserved 1048576K
}
Event: 8.729 GC heap before
{Heap before GC invocations=13 (full 0):
 PSYoungGen      total 22016K, used 13697K [0x00000000d6a00000, 0x00000000d8300000, 0x0000000100000000)
  eden space 18432K, 61% used [0x00000000d6a00000,0x00000000d7527628,0x00000000d7c00000)
  from space 3584K, 63% used [0x00000000d7f80000,0x00000000d81b9020,0x00000000d8300000)
  to   space 3584K, 0% used [0x00000000d7c00000,0x00000000d7c00000,0x00000000d7f80000)
 ParOldGen       total 127488K, used 32718K [0x0000000083e00000, 0x000000008ba80000, 0x00000000d6a00000)
  object space 127488K, 25% used [0x0000000083e00000,0x0000000085df3890,0x000000008ba80000)
 Metaspace       used 19092K, capacity 19270K, committed 19456K, reserved 1064960K
  class space    used 2965K, capacity 3033K, committed 3072K, reserved 1048576K
Event: 8.737 GC heap after
Heap after GC invocations=13 (full 0):
 PSYoungGen      total 22016K, used 1496K [0x00000000d6a00000, 0x00000000d8e00000, 0x0000000100000000)
  eden space 18432K, 0% used [0x00000000d6a00000,0x00000000d6a00000,0x00000000d7c00000)
  from space 3584K, 41% used [0x00000000d7c00000,0x00000000d7d76020,0x00000000d7f80000)
  to   space 3584K, 0% used [0x00000000d8a80000,0x00000000d8a80000,0x00000000d8e00000)
 ParOldGen       total 127488K, used 49970K [0x0000000083e00000, 0x000000008ba80000, 0x00000000d6a00000)
  object space 127488K, 39% used [0x0000000083e00000,0x0000000086eccb88,0x000000008ba80000)
 Metaspace       used 19092K, capacity 19270K, committed 19456K, reserved 1064960K
  class space    used 2965K, capacity 3033K, committed 3072K, reserved 1048576K
}
Event: 19.130 GC heap before
{Heap before GC invocations=14 (full 0):
 PSYoungGen      total 22016K, used 12681K [0x00000000d6a00000, 0x00000000d8e00000, 0x0000000100000000)
  eden space 18432K, 60% used [0x00000000d6a00000,0x00000000d74ec450,0x00000000d7c00000)
  from space 3584K, 41% used [0x00000000d7c00000,0x00000000d7d76020,0x00000000d7f80000)
  to   space 3584K, 0% used [0x00000000d8a80000,0x00000000d8a80000,0x00000000d8e00000)
 ParOldGen       total 127488K, used 57664K [0x0000000083e00000, 0x000000008ba80000, 0x00000000d6a00000)
  object space 127488K, 45% used [0x0000000083e00000,0x0000000087650018,0x000000008ba80000)
 Metaspace       used 19472K, capacity 19622K, committed 19712K, reserved 1067008K
  class space    used 2995K, capacity 3065K, committed 3072K, reserved 1048576K
Event: 19.143 GC heap after
Heap after GC invocations=14 (full 0):
 PSYoungGen      total 33280K, used 480K [0x00000000d6a00000, 0x00000000d8e00000, 0x0000000100000000)
  eden space 29696K, 0% used [0x00000000d6a00000,0x00000000d6a00000,0x00000000d8700000)
  from space 3584K, 13% used [0x00000000d8a80000,0x00000000d8af8000,0x00000000d8e00000)
  to   space 3584K, 0% used [0x00000000d8700000,0x00000000d8700000,0x00000000d8a80000)
 ParOldGen       total 127488K, used 82087K [0x0000000083e00000, 0x000000008ba80000, 0x00000000d6a00000)
  object space 127488K, 64% used [0x0000000083e00000,0x0000000088e29de8,0x000000008ba80000)
 Metaspace       used 19472K, capacity 19622K, committed 19712K, reserved 1067008K
  class space    used 2995K, capacity 3065K, committed 3072K, reserved 1048576K
}

