# JRE version: Java(TM) SE Runtime Environment (8.0-b124) (build 1.8.0-ea-b124)
# Java VM: Java HotSpot(TM) 64-Bit Server VM (25.0-b66 mixed mode linux-amd64 compressed oops)
Heap:
 PSYoungGen      total 13824K, used 11781K [0x00000000d6a00000, 0x00000000d7d00000, 0x0000000100000000)
  eden space 11264K, 81% used [0x00000000d6a00000,0x00000000d7301580,0x00000000d7500000)
  from space 2560K, 100% used [0x00000000d7880000,0x00000000d7b00000,0x00000000d7b00000)
  to   space 3584K, 0% used [0x00000000d7500000,0x00000000d7500000,0x00000000d7880000)
 ParOldGen       total 127488K, used 3155K [0x0000000083e00000, 0x000000008ba80000, 0x00000000d6a00000)
  object space 127488K, 2% used [0x0000000083e00000,0x0000000084114f18,0x000000008ba80000)
 Metaspace       used 16221K, capacity 16380K, committed 16512K, reserved 1062912K
  class space    used 2516K, capacity 2564K, committed 2688K, reserved 1048576K
GC Heap History (10 events):
Event: 0.336 GC heap before
{Heap before GC invocations=6 (full 0):
 PSYoungGen      total 2560K, used 2527K [0x00000000d6a00000, 0x00000000d7000000, 0x0000000100000000)
  eden space 2048K, 99% used [0x00000000d6a00000,0x00000000d6bffeb0,0x00000000d6c00000)
  from space 512K, 93% used [0x00000000d6c00000,0x00000000d6c78020,0x00000000d6c80000)
  to   space 1024K, 0% used [0x00000000d6f00000,0x00000000d6f00000,0x00000000d7000000)
 ParOldGen       total 127488K, used 743K [0x0000000083e00000, 0x000000008ba80000, 0x00000000d6a00000)
  object space 127488K, 0% used [0x0000000083e00000,0x0000000083eb9da8,0x000000008ba80000)
 Metaspace       used 6223K, capacity 7088K, committed 7296K, reserved 1056768K
  class space    used 802K, capacity 856K, committed 896K, reserved 1048576K
Event: 0.338 GC heap after
Heap after GC invocations=6 (full 0):
 PSYoungGen      total 5120K, used 656K [0x00000000d6a00000, 0x00000000d7000000, 0x0000000100000000)
  eden space 4096K, 0% used [0x00000000d6a00000,0x00000000d6a00000,0x00000000d6e00000)
  from space 1024K, 64% used [0x00000000d6f00000,0x00000000d6fa4010,0x00000000d7000000)
  to   space 1024K, 0% used [0x00000000d6e00000,0x00000000d6e00000,0x00000000d6f00000)
 ParOldGen       total 127488K, used 751K [0x0000000083e00000, 0x000000008ba80000, 0x00000000d6a00000)
  object space 127488K, 0% used [0x0000000083e00000,0x0000000083ebbda8,0x000000008ba80000)
 Metaspace       used 6223K, capacity 7088K, committed 7296K, reserved 1056768K
  class space    used 802K, capacity 856K, committed 896K, reserved 1048576K
}
Event: 0.423 GC heap before
{Heap before GC invocations=7 (full 0):
 PSYoungGen      total 5120K, used 4752K [0x00000000d6a00000, 0x00000000d7000000, 0x0000000100000000)
  eden space 4096K, 100% used [0x00000000d6a00000,0x00000000d6e00000,0x00000000d6e00000)
  from space 1024K, 64% used [0x00000000d6f00000,0x00000000d6fa4010,0x00000000d7000000)
  to   space 1024K, 0% used [0x00000000d6e00000,0x00000000d6e00000,0x00000000d6f00000)
 ParOldGen       total 127488K, used 751K [0x0000000083e00000, 0x000000008ba80000, 0x00000000d6a00000)
  object space 127488K, 0% used [0x0000000083e00000,0x0000000083ebbda8,0x000000008ba80000)
 Metaspace       used 7798K, capacity 8496K, committed 8576K, reserved 1056768K
  class space    used 1077K, capacity 1112K, committed 1152K, reserved 1048576K
Event: 0.425 GC heap after
Heap after GC invocations=7 (full 0):
 PSYoungGen      total 5120K, used 1024K [0x00000000d6a00000, 0x00000000d7500000, 0x0000000100000000)
  eden space 4096K, 0% used [0x00000000d6a00000,0x00000000d6a00000,0x00000000d6e00000)
  from space 1024K, 100% used [0x00000000d6e00000,0x00000000d6f00000,0x00000000d6f00000)
  to   space 1536K, 0% used [0x00000000d7380000,0x00000000d7380000,0x00000000d7500000)
 ParOldGen       total 127488K, used 1091K [0x0000000083e00000, 0x000000008ba80000, 0x00000000d6a00000)
  object space 127488K, 0% used [0x0000000083e00000,0x0000000083f10e08,0x000000008ba80000)
 Metaspace       used 7798K, capacity 8496K, committed 8576K, reserved 1056768K
  class space    used 1077K, capacity 1112K, committed 1152K, reserved 1048576K
}
Event: 0.542 GC heap before
{Heap before GC invocations=8 (full 0):
 PSYoungGen      total 5120K, used 5120K [0x00000000d6a00000, 0x00000000d7500000, 0x0000000100000000)
  eden space 4096K, 100% used [0x00000000d6a00000,0x00000000d6e00000,0x00000000d6e00000)
  from space 1024K, 100% used [0x00000000d6e00000,0x00000000d6f00000,0x00000000d6f00000)
  to   space 1536K, 0% used [0x00000000d7380000,0x00000000d7380000,0x00000000d7500000)
 ParOldGen       total 127488K, used 1091K [0x0000000083e00000, 0x000000008ba80000, 0x00000000d6a00000)
  object space 127488K, 0% used [0x0000000083e00000,0x0000000083f10e08,0x000000008ba80000)
 Metaspace       used 10692K, capacity 10880K, committed 11136K, reserved 1058816K
  class space    used 1520K, capacity 1560K, committed 1664K, reserved 1048576K
Event: 0.545 GC heap after
Heap after GC invocations=8 (full 0):
 PSYoungGen      total 9216K, used 1504K [0x00000000d6a00000, 0x00000000d7600000, 0x0000000100000000)
  eden space 7680K, 0% used [0x00000000d6a00000,0x00000000d6a00000,0x00000000d7180000)
  from space 1536K, 97% used [0x00000000d7380000,0x00000000d74f8010,0x00000000d7500000)
  to   space 2048K, 0% used [0x00000000d7180000,0x00000000d7180000,0x00000000d7380000)
 ParOldGen       total 127488K, used 1299K [0x0000000083e00000, 0x000000008ba80000, 0x00000000d6a00000)
  object space 127488K, 1% used [0x0000000083e00000,0x0000000083f44ee8,0x000000008ba80000)
 Metaspace       used 10692K, capacity 10880K, committed 11136K, reserved 1058816K
  class space    used 1520K, capacity 1560K, committed 1664K, reserved 1048576K
}
Event: 0.777 GC heap before
{Heap before GC invocations=9 (full 0):
 PSYoungGen      total 9216K, used 9184K [0x00000000d6a00000, 0x00000000d7600000, 0x0000000100000000)
  eden space 7680K, 100% used [0x00000000d6a00000,0x00000000d7180000,0x00000000d7180000)
  from space 1536K, 97% used [0x00000000d7380000,0x00000000d74f8010,0x00000000d7500000)
  to   space 2048K, 0% used [0x00000000d7180000,0x00000000d7180000,0x00000000d7380000)
 ParOldGen       total 127488K, used 1299K [0x0000000083e00000, 0x000000008ba80000, 0x00000000d6a00000)
  object space 127488K, 1% used [0x0000000083e00000,0x0000000083f44ee8,0x000000008ba80000)
 Metaspace       used 13719K, capacity 13916K, committed 13952K, reserved 1060864K
  class space    used 2106K, capacity 2148K, committed 2176K, reserved 1048576K
Event: 0.780 GC heap after
Heap after GC invocations=9 (full 0):
 PSYoungGen      total 9728K, used 2032K [0x00000000d6a00000, 0x00000000d7b00000, 0x0000000100000000)
  eden space 7680K, 0% used [0x00000000d6a00000,0x00000000d6a00000,0x00000000d7180000)
  from space 2048K, 99% used [0x00000000d7180000,0x00000000d737c010,0x00000000d7380000)
  to   space 2560K, 0% used [0x00000000d7880000,0x00000000d7880000,0x00000000d7b00000)
 ParOldGen       total 127488K, used 1851K [0x0000000083e00000, 0x000000008ba80000, 0x00000000d6a00000)
  object space 127488K, 1% used [0x0000000083e00000,0x0000000083fcef08,0x000000008ba80000)
 Metaspace       used 13719K, capacity 13916K, committed 13952K, reserved 1060864K
  class space    used 2106K, capacity 2148K, committed 2176K, reserved 1048576K
}
Event: 0.977 GC heap before
{Heap before GC invocations=10 (full 0):
 PSYoungGen      total 9728K, used 9712K [0x00000000d6a00000, 0x00000000d7b00000, 0x0000000100000000)
  eden space 7680K, 100% used [0x00000000d6a00000,0x00000000d7180000,0x00000000d7180000)
  from space 2048K, 99% used [0x00000000d7180000,0x00000000d737c010,0x00000000d7380000)
  to   space 2560K, 0% used [0x00000000d7880000,0x00000000d7880000,0x00000000d7b00000)
 ParOldGen       total 127488K, used 1851K [0x0000000083e00000, 0x000000008ba80000, 0x00000000d6a00000)
  object space 127488K, 1% used [0x0000000083e00000,0x0000000083fcef08,0x000000008ba80000)
 Metaspace       used 15164K, capacity 15292K, committed 15488K, reserved 1062912K
  class space    used 2352K, capacity 2372K, committed 2432K, reserved 1048576K
Event: 0.981 GC heap after
Heap after GC invocations=10 (full 0):
 PSYoungGen      total 13824K, used 2560K [0x00000000d6a00000, 0x00000000d7d00000, 0x0000000100000000)
  eden space 11264K, 0% used [0x00000000d6a00000,0x00000000d6a00000,0x00000000d7500000)
  from space 2560K, 100% used [0x00000000d7880000,0x00000000d7b00000,0x00000000d7b00000)
  to   space 3584K, 0% used [0x00000000d7500000,0x00000000d7500000,0x00000000d7880000)
 ParOldGen       total 127488K, used 3155K [0x0000000083e00000, 0x000000008ba80000, 0x00000000d6a00000)
  object space 127488K, 2% used [0x0000000083e00000,0x0000000084114f18,0x000000008ba80000)
 Metaspace       used 15164K, capacity 15292K, committed 15488K, reserved 1062912K
  class space    used 2352K, capacity 2372K, committed 2432K, reserved 1048576K
}

